SF:src/CachedArrays.jl
DA:98,6
DA:103,6
DA:106,6
DA:107,6
DA:111,6
DA:112,6
DA:115,6
LH:7
LF:7
end_of_record
SF:src/allocators.jl
DA:41,18
DA:43,9
DA:50,6
DA:54,3
DA:55,3
DA:57,9
DA:59,9
DA:60,12
DA:61,9
DA:62,9
DA:67,12
DA:68,9
DA:69,9
DA:76,30141
DA:78,30069
DA:79,30045
DA:81,60138
DA:82,60138
DA:83,30069
DA:91,30069
DA:92,30069
LH:21
LF:21
end_of_record
SF:src/api.jl
DA:7,0
DA:8,0
DA:9,0
DA:10,0
DA:11,0
DA:14,0
DA:15,0
DA:16,0
DA:17,15
DA:19,238554
DA:20,238554
DA:21,119277
DA:22,119277
DA:27,238541
DA:28,119274
DA:33,24168
DA:34,24168
DA:35,12084
DA:36,24167
DA:37,12084
DA:39,12084
DA:42,0
DA:43,0
DA:44,0
DA:51,3
DA:52,15
DA:53,3
DA:56,72
DA:57,63
DA:58,18
DA:72,33
DA:73,15
DA:74,12
DA:75,36
DA:77,12
DA:78,15
DA:87,3
DA:88,6
DA:95,33
DA:96,33
DA:97,33
DA:98,81
DA:102,156
DA:103,81
DA:104,39
DA:105,39
DA:109,39
DA:110,18
DA:111,18
DA:119,21
DA:120,21
DA:121,27
DA:122,21
DA:123,21
DA:124,21
DA:125,102
DA:131,0
DA:132,0
DA:133,0
DA:134,0
DA:135,0
DA:158,21
DA:159,12
DA:160,12
DA:161,12
DA:162,12
DA:163,12
DA:164,12
DA:171,0
DA:177,0
DA:178,0
DA:179,0
DA:180,0
DA:181,0
DA:182,0
DA:185,0
DA:186,0
DA:192,0
DA:195,0
DA:199,0
DA:200,0
DA:201,0
DA:202,0
DA:203,0
DA:206,0
DA:209,0
DA:219,0
DA:221,0
DA:222,0
DA:223,0
DA:224,0
DA:225,0
DA:226,0
DA:227,0
DA:228,0
DA:229,0
DA:236,0
DA:237,0
DA:239,0
DA:240,0
DA:242,0
DA:244,0
DA:245,0
DA:247,0
DA:250,12
DA:251,12
DA:252,0
DA:253,0
DA:255,6
DA:257,6
DA:260,6
DA:261,6
DA:262,6
DA:263,6
DA:265,6
DA:266,6
DA:267,6
DA:268,6
DA:269,6
DA:272,0
DA:276,6
DA:287,6
DA:288,6
LH:68
LF:123
end_of_record
SF:src/array.jl
DA:9,300012
DA:10,300009
DA:11,300030
DA:13,0
DA:14,0
DA:15,0
DA:29,900051
DA:32,900051
DA:33,0
DA:35,900051
DA:46,0
DA:47,0
DA:50,1297995686
DA:51,136997
DA:52,0
DA:53,731388
DA:54,0
DA:58,1296527277
DA:61,1296527277
DA:62,0
DA:63,0
DA:67,6
DA:68,6
DA:71,6
DA:72,3
DA:73,3
DA:76,600036
DA:77,600036
DA:80,600048
DA:87,600048
DA:88,300024
DA:96,0
DA:97,0
DA:98,1913762007
DA:100,0
DA:101,0
DA:103,651119988
DA:104,651119988
DA:105,651119988
DA:108,645107244
DA:109,645107244
DA:110,645107244
DA:113,318147
DA:115,15
DA:122,15
DA:125,615712824
DA:126,616012842
DA:127,615112788
DA:131,300045
DA:133,3
DA:134,3
DA:135,0
DA:142,3
DA:143,0
DA:146,3
DA:147,0
DA:151,3
DA:163,0
DA:164,0
DA:178,0
DA:180,0
DA:215,0
DA:216,0
DA:217,0
DA:225,0
DA:226,0
DA:227,0
DA:228,0
DA:236,300036
DA:237,300036
DA:240,0
DA:241,0
DA:249,3
DA:252,3
DA:253,3
DA:276,132
DA:277,600021
DA:278,600021
DA:280,600021
DA:281,0
DA:286,0
DA:288,600021
DA:293,123
DA:296,123
DA:303,0
DA:304,0
DA:306,0
DA:307,0
DA:309,0
DA:310,0
LH:52
LF:90
end_of_record
SF:src/lib.jl
DA:21,0
DA:22,0
DA:23,0
DA:24,0
DA:28,0
DA:29,0
DA:32,0
DA:33,0
DA:37,0
DA:38,0
DA:39,0
DA:41,0
DA:70,36
DA:71,36
DA:101,0
DA:107,0
DA:126,12
DA:127,12
DA:143,12
DA:145,12
DA:146,225
DA:153,252
DA:156,39
DA:163,3
DA:166,0
DA:167,0
DA:169,3
DA:171,3
DA:184,210
DA:185,6
DA:189,204
DA:194,12
DA:195,12
LH:17
LF:33
end_of_record
SF:src/llvm.jl
DA:23,6
DA:26,6
DA:27,6
DA:33,6
DA:42,6
DA:45,1302239976
DA:46,3
DA:48,3
DA:51,3
DA:52,3
DA:55,6
DA:56,3
DA:59,3
DA:60,3
DA:61,3
DA:63,3
DA:64,3
DA:66,3
DA:69,3
DA:71,3
DA:73,3
DA:76,3
DA:80,1290214488
DA:81,3
DA:83,3
DA:86,3
DA:87,3
DA:90,6
DA:91,3
DA:94,3
DA:95,3
DA:96,3
DA:98,3
DA:99,3
DA:102,3
DA:103,3
DA:106,3
DA:107,3
DA:109,3
DA:112,3
DA:132,0
DA:133,0
DA:134,0
DA:136,0
DA:137,0
LH:40
LF:45
end_of_record
SF:src/manager.jl
DA:11,66
DA:13,0
DA:14,300033
DA:15,300033
DA:18,18
DA:22,18
DA:24,215544
DA:25,211487
DA:26,300033
DA:27,300033
DA:28,300033
DA:30,300033
DA:31,300033
DA:32,300033
DA:33,300033
DA:36,298566
DA:37,298566
DA:38,298566
DA:39,298566
DA:40,298566
DA:43,6
DA:44,300033
DA:45,9
DA:46,9
DA:47,9
DA:48,0
DA:49,0
DA:51,186
DA:57,18
DA:59,36
DA:76,0
DA:77,0
DA:78,0
DA:79,131358
DA:83,1998483
DA:84,0
DA:90,4054
DA:91,810143
DA:93,812461
DA:94,574149
DA:96,431397
DA:103,1997122
DA:105,0
DA:107,36
DA:116,36
DA:119,18
DA:120,18
DA:123,18
DA:135,18
DA:136,18
DA:139,300036
DA:140,0
DA:143,9
DA:145,9
DA:146,9
DA:149,6
DA:150,6
DA:151,6
DA:152,6
DA:153,6
DA:154,6
DA:155,6
DA:156,6
DA:166,300033
DA:167,300033
DA:168,300033
DA:169,300033
DA:170,300033
DA:171,300033
DA:174,298566
DA:175,298566
DA:176,298566
DA:177,298566
DA:178,298566
DA:185,445419
DA:186,445419
DA:187,445419
DA:188,0
DA:189,445419
DA:190,159019
DA:191,286400
DA:192,286400
DA:194,445419
DA:197,666703
DA:200,666703
DA:201,666703
DA:202,666703
DA:203,0
DA:205,666703
DA:213,9
DA:214,9
DA:215,18
DA:216,9
DA:217,6
DA:231,369
DA:232,862752
DA:233,719
DA:234,719
DA:235,369
DA:236,369
DA:238,369
DA:239,369
DA:242,372
DA:243,298566
DA:245,298566
DA:246,0
DA:247,316904
DA:248,298566
DA:249,18338
DA:250,18338
DA:251,18338
DA:253,18338
DA:254,36673
DA:256,298566
DA:257,298932
DA:259,369
DA:264,369
DA:265,0
DA:267,0
DA:270,369
DA:277,165
DA:279,300027
DA:287,300027
DA:288,300027
DA:289,300027
DA:290,300027
DA:294,600054
DA:300,600054
DA:302,600054
DA:305,300027
DA:320,298566
DA:321,298566
DA:323,298566
DA:324,597129
DA:327,3
DA:328,3
DA:329,3
DA:330,3
DA:331,3
DA:332,3
DA:333,0
DA:334,3
DA:338,0
DA:339,0
DA:340,0
DA:341,0
DA:342,0
DA:343,0
DA:345,0
DA:359,422980
DA:367,422983
DA:368,211487
DA:369,418920
DA:370,211487
DA:371,211487
DA:372,211487
DA:375,211487
DA:376,211487
DA:377,211487
DA:378,211487
DA:381,211487
DA:382,211487
DA:385,0
DA:386,0
DA:387,0
DA:388,0
DA:390,0
DA:391,0
DA:392,0
DA:394,0
DA:395,0
DA:398,4054
DA:399,4054
DA:405,414866
DA:406,622299
DA:407,53957
DA:409,153476
DA:412,207433
DA:413,0
DA:415,207433
DA:417,207433
DA:424,108
DA:425,108
DA:426,90
DA:427,66
DA:428,66
DA:429,72
DA:430,66
DA:431,57
DA:432,9
DA:433,3
DA:434,99
DA:437,54
DA:444,0
DA:445,0
DA:448,0
LH:161
LF:196
end_of_record
SF:src/memcpy.jl
DA:7,3937139
DA:14,18
DA:15,18
DA:16,18
DA:17,3937139
DA:18,3937139
DA:19,3937139
DA:20,3937139
DA:21,3937139
DA:25,18
DA:26,18
DA:27,189
DA:30,189
DA:34,18
DA:35,18
DA:36,189
DA:42,189
DA:46,823124
DA:47,823124
DA:55,823124
DA:60,210346
DA:61,210346
DA:64,87372
DA:65,87372
DA:67,87372
DA:68,87372
DA:69,87372
DA:71,87372
DA:72,87372
DA:75,12
DA:76,12
DA:95,24
DA:96,24
DA:101,0
DA:103,0
DA:104,0
DA:105,0
DA:108,0
DA:111,24
DA:113,24
DA:114,3
DA:118,9
DA:119,3
DA:122,6
DA:123,6
DA:126,12
DA:127,0
DA:128,0
DA:129,0
DA:132,6
DA:140,12
DA:141,12
DA:142,6
DA:150,423028
DA:151,423028
DA:154,423040
DA:156,423040
DA:157,1174
DA:158,1174
DA:159,1174
DA:163,297718
DA:164,821950
DA:165,1520926
DA:166,821950
DA:167,1643894
DA:168,821950
DA:170,210346
DA:174,1646248
DA:175,3937139
DA:184,823124
DA:186,823124
DA:187,823124
DA:190,1267167
DA:191,444043
DA:192,444043
DA:193,444043
DA:194,444043
DA:197,823124
DA:198,561678
DA:199,561678
DA:200,561678
DA:201,561678
DA:204,823124
DA:205,561679
DA:206,561679
DA:207,561679
DA:208,561679
DA:211,823124
DA:212,819037
DA:213,819037
DA:214,819037
DA:215,819037
DA:218,823124
DA:219,819037
DA:220,819037
DA:221,819037
DA:222,819037
DA:225,823124
DA:226,731665
DA:227,731665
DA:228,731665
DA:229,731665
DA:233,823127
DA:234,823124
LH:96
LF:104
end_of_record
SF:src/memory/block.jl
DA:6,1386610
DA:55,580065660
DA:58,8853632
DA:59,3
DA:60,0
DA:62,170865272
DA:63,1069050
DA:65,1235805423
DA:66,1283280
DA:67,1203312644
DA:68,30
DA:69,9
DA:71,1705952
DA:72,427640
DA:74,132582233
DA:77,306862619
DA:79,482924
DA:80,482924
DA:81,482924
DA:82,30907136
DA:83,61331348
DA:85,482924
DA:88,0
DA:89,0
DA:103,3433509
DA:104,3433509
DA:105,3433509
DA:106,3433509
DA:114,592656
DA:116,1226927724
DA:117,1226927724
DA:118,1203312645
DA:119,2361507857
DA:122,1192814834
DA:125,1168693023
DA:126,1626677
DA:127,1167066346
DA:128,440639729
DA:129,730030048
DA:130,145336233
DA:131,584693815
DA:132,120859
DA:133,584633384
DA:134,713883
DA:135,584042437
DA:136,933075
DA:137,583109374
DA:138,18
DA:141,583109362
DA:142,2892274
DA:144,580217088
DA:145,289238583
DA:148,290978529
DA:149,145017058
DA:152,145961447
DA:153,145961447
DA:156,0
DA:160,12302107
DA:162,12302107
DA:163,1626677
DA:164,1626677
DA:166,10675430
DA:167,0
DA:168,9595088
DA:169,0
DA:170,9002147
DA:171,0
DA:172,8330576
DA:173,0
DA:174,8207592
DA:175,0
DA:176,7441015
DA:177,0
DA:180,7241921
DA:181,2720052
DA:183,4521869
DA:184,592656
DA:187,3929237
DA:188,2613804
DA:191,1315409
DA:192,1315409
DA:195,0
DA:199,295141096
DA:205,78915
DA:206,120856
DA:207,289230334
DA:208,145331933
DA:210,144267764
DA:211,144267764
DA:212,169628246
DA:215,0
DA:216,0
DA:217,78921
DA:218,60428
DA:220,298566
DA:221,928988
DA:227,6
DA:228,6
DA:229,3
DA:230,3
DA:233,3
DA:234,3
DA:235,3
DA:236,3
DA:237,3
DA:240,3
DA:241,0
DA:242,0
DA:243,0
DA:245,3
DA:246,3
DA:247,3
DA:248,3
DA:249,3
DA:250,3
DA:251,3
LH:100
LF:116
end_of_record
SF:src/memory/compactheap.jl
DA:3,72
DA:6,9
DA:7,63
DA:9,4819672
DA:10,531643
DA:17,1947112
DA:20,600907823
DA:21,600898088
DA:22,600917559
DA:23,600927294
DA:24,600898088
DA:32,69
DA:50,0
DA:51,0
DA:52,12
DA:54,600919685
DA:55,973556
DA:57,138
DA:64,138
DA:67,69
DA:70,69
DA:71,69
DA:73,69
DA:74,69
DA:75,138
DA:77,69
DA:89,69
DA:90,45
DA:94,69
DA:95,69
DA:96,69
DA:97,69
DA:98,69
DA:99,69
DA:100,69
DA:102,69
DA:103,69
DA:106,4819588
DA:107,2789847
DA:109,531613
DA:111,440495233
DA:112,439123265
DA:113,0
DA:114,0
DA:117,549069
DA:119,549069
DA:120,549069
DA:121,89233
DA:123,459836
DA:132,0
DA:134,1079929
DA:135,1079929
DA:136,1079929
DA:138,2761372
DA:139,1211090
DA:140,1079929
DA:143,592656
DA:144,592656
DA:149,592656
DA:150,1810731
DA:151,592656
DA:158,894794
DA:159,1786034
DA:160,61043
DA:165,1667502
DA:170,833751
DA:175,531613
DA:179,531613
DA:180,531613
DA:182,531613
DA:183,531613
DA:184,531613
DA:185,531613
DA:189,531613
DA:190,531613
DA:191,882523
DA:192,531613
DA:193,350910
DA:196,531613
DA:197,531613
DA:200,161394
DA:201,320595
DA:205,319542
DA:208,159771
DA:211,487196
DA:212,487196
DA:213,487196
DA:214,487196
DA:215,950431
DA:216,487196
DA:219,548247
DA:220,548247
DA:225,1007261
DA:226,1091154
DA:228,650332
DA:229,102085
DA:230,102085
DA:233,6533440
DA:234,102085
DA:237,548247
DA:240,923746
DA:241,380839
DA:242,380839
DA:245,639453
DA:246,380839
DA:247,258614
DA:251,24373696
DA:253,162068
DA:257,548247
DA:258,548247
DA:270,894794
DA:271,894794
DA:272,894794
DA:274,894794
DA:275,894794
DA:276,894794
DA:277,894794
DA:278,894794
DA:281,592656
DA:282,592656
DA:283,592656
DA:284,592656
DA:288,592656
DA:289,592656
DA:290,592656
DA:293,161394
DA:294,161394
DA:296,161394
DA:297,161394
DA:298,161394
DA:299,161394
DA:302,590944
DA:303,590944
DA:304,713880
DA:305,122936
DA:306,122936
DA:308,468008
DA:309,468008
DA:310,468008
DA:311,468008
DA:312,468008
DA:319,345
DA:320,464
DA:321,9617
DA:323,174
DA:334,342
DA:340,342
DA:341,224
DA:343,4084
DA:346,4087
DA:347,3
DA:348,0
DA:352,0
DA:353,0
DA:355,3
DA:356,6
DA:358,3
DA:366,4081
DA:368,4081
DA:369,4081
DA:370,4081
DA:371,4081
DA:375,4081
DA:376,8162
DA:377,4081
DA:378,1174
DA:380,2907
DA:383,4081
DA:386,5891
DA:387,4081
DA:388,3620
DA:393,4081
DA:394,8162
DA:396,8162
DA:397,8162
DA:398,8162
DA:403,4081
DA:405,8054
DA:406,3997
DA:408,0
DA:415,122978
DA:416,122978
DA:421,122978
DA:424,122978
DA:427,123169
DA:428,123360
DA:429,191
DA:430,191
DA:431,191
DA:432,191
DA:434,122978
DA:439,18
DA:440,18
DA:443,152316
DA:444,152316
DA:445,76158
DA:447,76158
DA:448,76158
DA:456,122347
DA:457,122347
DA:460,122347
DA:462,6
DA:473,9
DA:474,6
DA:476,6
DA:477,0
DA:478,0
DA:480,3
DA:483,6
DA:485,168524
DA:488,122341
DA:489,243412
DA:491,169132
DA:495,76974
DA:496,1644
DA:497,822
DA:499,822
DA:500,822
DA:501,822
DA:502,0
DA:503,0
DA:505,0
DA:507,0
DA:509,0
DA:511,822
DA:515,0
DA:516,152316
DA:517,152316
DA:518,152316
DA:519,152316
DA:521,76158
DA:522,76158
DA:523,76158
DA:531,0
DA:534,0
DA:535,0
DA:541,0
DA:542,0
DA:543,0
DA:545,0
DA:548,0
DA:549,0
DA:550,0
DA:551,0
DA:552,0
DA:554,0
DA:570,973553
DA:571,973553
DA:572,973553
DA:573,0
DA:574,0
DA:576,973553
DA:579,973553
DA:580,973553
DA:581,973553
DA:584,1947106
DA:585,939165809
DA:586,600901088
DA:587,600901088
DA:589,600898088
DA:591,1218036
DA:592,0
DA:595,0
DA:599,600885907
DA:600,0
DA:601,610280011
DA:606,673487
DA:609,973553
DA:610,973553
DA:614,973553
DA:615,973553
DA:616,0
DA:617,0
DA:619,973553
DA:621,973553
DA:622,145408294
DA:623,289843035
DA:624,145408294
DA:625,144434741
DA:627,144434741
DA:628,0
DA:631,0
DA:634,144434741
DA:635,0
DA:636,0
DA:638,144434741
DA:639,144434741
DA:641,973553
DA:644,973553
DA:645,973553
DA:646,973553
DA:648,973553
DA:649,146631016
DA:650,1222722
DA:651,1222722
DA:652,145657463
DA:656,1947106
DA:657,600898088
DA:658,1218036
DA:659,0
DA:660,0
DA:662,1218036
DA:663,0
DA:666,0
DA:668,1201798621
DA:674,973553
DA:675,0
DA:676,0
DA:677,0
DA:678,0
DA:682,973553
DA:685,973553
DA:686,973553
DA:687,1947106
DA:688,0
DA:689,0
DA:692,973553
DA:693,0
DA:694,0
DA:697,973553
DA:698,0
DA:699,0
DA:702,973553
DA:703,0
DA:704,0
DA:706,973553
LH:269
LF:326
end_of_record
SF:src/memory/freelist.jl
DA:14,6
DA:16,3
DA:17,144
DA:18,27
DA:22,2403635551
DA:24,1201856553
DA:25,2131264
DA:31,1218096
DA:32,1218096
DA:33,1218096
DA:34,2441046
DA:35,1222854
DA:36,1222854
DA:39,1218096
DA:42,1201834501
DA:44,592668
DA:46,592668
DA:50,592668
DA:51,592668
DA:52,947
DA:54,592668
DA:55,592668
DA:58,1211120
DA:59,1079959
DA:60,948780
DA:62,131179
DA:63,131179
DA:64,131179
DA:66,1079959
DA:67,1079959
DA:68,1079959
DA:71,30
DA:72,30
DA:73,30
DA:76,42
DA:77,48
DA:79,45
DA:80,45
DA:81,30
DA:82,30
DA:83,30
DA:86,487196
DA:88,487196
DA:89,458652
DA:91,28544
DA:94,487196
DA:95,102309
DA:97,487196
DA:98,487196
DA:103,12
DA:104,12
DA:106,18
DA:107,18
DA:108,18
DA:110,18
DA:111,81
DA:112,36
DA:114,18
DA:117,18
DA:118,18
DA:120,18
DA:122,36
DA:126,18
DA:128,6
DA:131,180
DA:132,222
DA:133,96
LH:67
LF:67
end_of_record
SF:src/memory/memory.jl
DA:8,1203324630
DA:9,1203324630
DA:30,227971
DA:31,78
DA:33,0
DA:35,1600938
DA:38,3520944
DA:41,2547220
DA:42,2547220
DA:43,2547220
DA:46,435373309
DA:47,435373309
DA:48,2547220
DA:50,432826089
DA:51,432826089
DA:54,159
DA:57,1600938
DA:58,1600938
DA:59,1600938
DA:60,309709
DA:62,1291229
LH:20
LF:21
end_of_record
SF:src/object.jl
DA:11,300033
DA:12,300033
DA:13,300033
DA:14,300033
DA:15,300033
DA:17,300033
DA:21,1296527286
DA:22,1335683
DA:23,300036
DA:24,437057
DA:26,298566
DA:27,1029954
DA:28,0
DA:36,0
DA:42,0
LH:12
LF:15
end_of_record
SF:src/options.jl
DA:46,3
DA:47,6
DA:53,0
DA:54,0
LH:2
LF:4
end_of_record
SF:src/policies/local.jl
DA:5,0
DA:8,0
DA:9,0
DA:10,0
DA:11,0
DA:12,0
DA:13,0
DA:16,0
DA:17,0
DA:18,0
DA:22,0
DA:23,0
DA:24,0
DA:25,0
DA:26,0
DA:28,0
DA:29,0
DA:32,0
DA:33,0
DA:34,0
DA:35,0
DA:36,0
DA:37,0
DA:38,0
DA:40,0
LH:0
LF:25
end_of_record
SF:src/policy.jl
DA:11,18
DA:24,18
DA:25,18
DA:26,36
DA:27,36
DA:29,18
DA:40,805106
DA:41,1089908
DA:42,687355
DA:44,284802
DA:47,163346
DA:48,163346
DA:49,163346
DA:50,163346
DA:57,1066037
DA:64,1146414
DA:65,273585
DA:66,163346
DA:67,163346
DA:68,163346
DA:71,898946
DA:72,898946
DA:75,273125
DA:76,163073
DA:77,163073
DA:78,163073
DA:79,163073
DA:82,0
DA:83,0
DA:84,0
DA:85,0
DA:87,0
DA:91,0
DA:93,0
DA:95,0
DA:96,0
DA:97,0
DA:98,0
DA:99,0
DA:101,0
DA:109,300027
DA:117,300027
DA:118,380398
DA:120,439312
DA:123,0
DA:124,0
DA:125,0
DA:127,0
DA:129,0
DA:130,0
DA:133,165
DA:134,165
DA:135,165
DA:143,4054
DA:144,4054
DA:145,4054
DA:146,4054
DA:147,4054
DA:152,238548
DA:153,238548
DA:154,119274
DA:156,119274
DA:157,40359
DA:160,78915
DA:161,78915
DA:162,157830
DA:163,76134
DA:166,78915
DA:167,0
DA:173,78915
DA:174,78915
DA:175,78915
DA:176,157830
DA:177,78915
DA:178,78915
DA:179,0
DA:182,78915
DA:183,78915
DA:187,78915
DA:190,78915
DA:193,12087
DA:194,12087
DA:195,12087
DA:196,5585
DA:198,12087
DA:206,300027
DA:214,380398
DA:217,219656
DA:218,0
DA:219,0
DA:221,219656
DA:224,3
DA:225,3
DA:226,3
DA:227,3
DA:230,128518
DA:232,128518
DA:233,128521
DA:234,3
DA:235,3
DA:238,188943
DA:239,128515
DA:240,120856
DA:241,60428
DA:242,60428
DA:243,0
DA:245,60428
DA:246,60428
DA:247,60428
DA:249,60428
DA:255,68087
DA:256,68087
DA:259,68087
DA:260,136174
DA:261,68087
DA:267,68087
DA:268,0
DA:269,0
DA:273,68087
DA:274,68087
DA:276,68087
DA:279,76134
DA:284,140645
DA:289,199067
DA:290,76134
DA:293,76134
DA:294,76134
DA:295,76134
DA:296,0
DA:297,0
DA:298,0
DA:299,76134
DA:304,76134
DA:305,76134
DA:306,76134
DA:307,76134
DA:308,76134
DA:309,76134
DA:310,76134
DA:313,0
LH:110
LF:140
end_of_record
SF:src/telemetry.jl
DA:1,0
DA:54,0
DA:55,0
DA:67,0
DA:68,0
DA:70,0
DA:71,0
DA:72,0
DA:73,0
DA:76,0
DA:77,0
DA:78,0
DA:79,0
DA:81,0
DA:84,0
DA:85,0
DA:86,0
DA:87,0
DA:89,0
DA:96,0
DA:98,0
DA:99,0
DA:102,0
DA:103,0
DA:104,0
DA:105,0
DA:106,0
DA:107,0
DA:109,0
DA:112,0
DA:113,0
DA:114,0
DA:115,0
DA:116,0
DA:117,0
DA:118,0
DA:122,0
DA:123,0
DA:124,0
DA:125,0
DA:126,0
DA:127,0
DA:131,0
DA:132,0
DA:133,0
DA:134,0
DA:135,0
DA:137,0
DA:140,0
DA:142,0
DA:143,0
DA:144,0
DA:145,0
DA:146,0
DA:147,0
DA:148,0
DA:149,0
DA:154,0
DA:155,0
DA:156,0
DA:157,0
DA:159,0
DA:162,0
DA:163,0
DA:164,0
DA:165,0
DA:166,0
DA:168,0
DA:176,0
DA:182,0
DA:183,0
DA:184,0
DA:185,0
DA:186,0
DA:187,0
DA:189,0
DA:191,0
DA:194,0
DA:195,0
DA:198,0
DA:200,0
DA:208,0
DA:209,0
DA:211,0
DA:215,0
DA:216,0
DA:217,0
DA:218,0
DA:219,0
DA:220,0
DA:221,0
DA:227,0
DA:230,0
DA:231,0
DA:234,0
DA:235,0
DA:236,0
DA:238,0
DA:239,0
DA:240,0
DA:241,0
DA:242,0
DA:243,0
DA:244,0
DA:245,0
DA:248,0
DA:249,0
DA:264,0
DA:266,0
DA:267,0
DA:268,0
DA:269,0
DA:271,0
DA:276,0
DA:277,0
DA:279,0
DA:289,0
DA:291,0
DA:292,0
DA:294,0
DA:301,0
DA:302,0
DA:303,0
DA:311,0
DA:313,0
DA:314,0
DA:317,0
DA:319,0
DA:320,0
DA:323,0
DA:324,0
DA:327,0
DA:333,0
DA:337,0
DA:338,0
DA:339,0
DA:340,0
DA:342,0
DA:343,0
DA:347,0
DA:348,0
DA:351,0
DA:352,0
DA:353,0
DA:356,0
DA:357,0
DA:360,0
DA:361,0
DA:364,0
DA:365,0
LH:0
LF:150
end_of_record
SF:src/utils/findnexttree.jl
DA:21,4463999
DA:24,2187804
DA:25,2190881
DA:35,8490227
DA:42,5615641
DA:50,8783101
DA:51,600908656
DA:58,12
DA:60,162
DA:66,75
DA:70,75
DA:71,75
DA:72,75
DA:75,144
DA:76,144
DA:77,288
DA:78,144
DA:79,69
DA:81,75
DA:85,11050514
DA:86,11050514
DA:88,11050514
DA:89,11050514
DA:90,11050514
DA:91,21830480
DA:94,1056188
DA:95,1056188
DA:96,1056188
DA:99,1056188
DA:100,2106629
DA:101,1056188
DA:105,1248975
DA:106,1248975
DA:107,1248975
DA:110,1248975
DA:111,2187804
DA:112,2187804
DA:114,4276863
DA:115,2187804
DA:116,2187804
DA:119,2187804
DA:120,938829
DA:121,938829
DA:123,1248975
DA:126,1248901
DA:127,1248901
DA:128,1248901
DA:131,1248901
DA:132,2190881
DA:133,2190881
DA:135,4282987
DA:137,2190881
DA:138,2190881
DA:139,2190881
DA:140,941980
DA:141,941980
DA:143,1248901
DA:146,3881964
DA:147,3881964
DA:148,3881964
DA:151,3881964
DA:152,5615641
DA:153,11164001
DA:154,5615641
DA:158,5615641
DA:159,5615641
DA:161,3420922
DA:162,3420922
DA:163,3420922
DA:166,2194719
DA:168,2194719
DA:169,5154599
DA:173,3420922
DA:174,1437293
DA:175,1437293
DA:176,1437293
DA:178,3420922
LH:77
LF:77
end_of_record
SF:src/utils/freebuffer.jl
DA:3,21
DA:8,21
DA:10,298941
DA:11,731799
DA:13,298569
DA:14,298569
DA:15,298569
DA:18,298569
DA:19,298569
DA:24,372
DA:25,372
DA:26,372
DA:31,372
DA:32,372
LH:14
LF:14
end_of_record
SF:src/utils/lru.jl
DA:6,326752
DA:10,1713981
DA:11,6
DA:12,24
DA:13,76152
DA:21,78
DA:25,39
DA:26,152277
DA:27,18
DA:29,15
DA:30,15
DA:31,15
DA:32,15
DA:35,163364
DA:37,163364
DA:40,163364
DA:41,163364
DA:44,76143
DA:46,3
DA:47,3
DA:48,3
DA:51,163076
DA:52,163076
DA:53,163076
DA:54,163076
DA:57,163073
LH:26
LF:26
end_of_record
SF:src/utils/utils.jl
DA:11,6
DA:13,48
DA:34,0
DA:35,0
DA:36,0
DA:38,0
DA:45,0
DA:46,0
DA:48,15
DA:52,54
DA:53,39
DA:54,21
DA:55,1030401
DA:56,1749700
DA:58,1030401
DA:62,18
DA:63,6
DA:64,9
DA:68,15
DA:69,15
DA:73,15
DA:74,39
DA:75,51
DA:76,1030419
DA:77,1030419
DA:78,0
DA:79,0
DA:81,0
DA:84,15
DA:95,9
DA:96,9
DA:106,6
DA:107,6
DA:119,1265671
DA:120,1265671
DA:125,6
DA:126,6
DA:127,8464
DA:128,4380
DA:129,4209
DA:141,819710
DA:142,1200108
DA:143,439312
DA:153,6
DA:154,36
DA:155,30
DA:156,3
DA:157,18
DA:158,3
DA:159,21
DA:160,15
DA:199,3
DA:207,211493
DA:208,211493
DA:231,0
DA:232,0
DA:235,0
DA:236,0
LH:45
LF:58
end_of_record
SF:src/validation.jl
DA:6,300033
DA:7,600044
DA:9,300033
DA:10,300033
DA:11,0
DA:12,0
DA:15,300033
DA:16,0
DA:17,0
DA:24,300033
DA:25,300033
DA:26,300033
DA:27,120193489
DA:28,118898491
DA:29,238144448
DA:33,300033
DA:34,300033
DA:35,300033
DA:36,25180409
DA:37,24840783
DA:38,49551346
DA:46,300033
DA:47,300033
DA:49,600054
DA:50,131108496
DA:52,131108496
DA:53,131108496
DA:55,131108496
DA:56,131108496
DA:57,131108496
DA:58,143739274
DA:59,131108496
DA:61,25261556
DA:62,0
DA:63,0
DA:64,0
DA:65,0
DA:68,12630778
DA:69,0
DA:70,0
DA:71,0
DA:72,0
DA:75,12630778
DA:76,0
DA:77,0
DA:78,0
DA:79,0
DA:82,12630778
DA:83,0
DA:84,0
DA:85,0
DA:86,0
DA:88,143439253
DA:92,300033
DA:93,0
DA:94,0
DA:97,300033
DA:98,0
DA:99,0
DA:102,300033
DA:103,0
DA:104,0
DA:107,300033
DA:108,0
DA:109,0
DA:110,0
DA:111,0
DA:114,300033
LH:38
LF:68
end_of_record
